<?xml version="1.0" encoding="UTF-8"?>
<!-- Generated by org.testng.reporters.JUnitReportReporter -->
<testsuite hostname="L-5023" failures="0" tests="1" name="TestCases.Demo" time="10.005" errors="0" timestamp="2021-07-26T12:42:28 IST" skipped="0">
  <testcase classname="TestCases.Demo" name="OpenBrowser" time="10.005"/>
  <system-out/>
</testsuite> <!-- TestCases.Demo -->
